MPASM 5.56  /HOME/HBB/MPLABXPROJECTS/I2C.X/M   6-16-2014  21:09:38         PAGE  1


LOC  OBJECT CODE     LINE SOURCE TEXT
  VALUE

                      00001     list    p=16f877a
                      00002     #include "p16f877a.inc"
                      00001         LIST
                      00002 
                      00003 ;==========================================================================
                      00004 ;  MPASM PIC16F877A processor include
                      00005 ; 
                      00006 ;  (c) Copyright 1999-2014 Microchip Technology, All rights reserved
                      00007 ;==========================================================================
                      00008 
                      00566         LIST
                      00003 
2007   3F79           00004     __CONFIG _FOSC_XT & _WDTE_OFF & _PWRTE_OFF & _BOREN_ON & _LVP_OFF & _CPD_OFF & _WRT_OFF & _CP_OFF
                      00005 
                      00006     ORG     H'0000'
0000   2???           00007         goto    START
                      00008 
Warning[205]: Found directive in column 1. (CBLOCK)
                      00009 CBLOCK  H'20'
  00000020            00010     byte1
  00000021            00011     byte2
  00000022            00012     byte3
  00000023            00013     byteW
Warning[205]: Found directive in column 1. (ENDC)
                      00014 ENDC
                      00015 
0001                  00016 EEWRITE
0001   1283 1703      00017         banksel EEDATA
Message[302]: Register in operand not in bank 0.  Ensure that bank bits are correct.
0003   008C           00018         movwf   EEDATA
0004   1683 1703      00019         banksel EECON1
Message[302]: Register in operand not in bank 0.  Ensure that bank bits are correct.
0006   138C           00020         bcf     EECON1, EEPGD
Message[302]: Register in operand not in bank 0.  Ensure that bank bits are correct.
0007   150C           00021         bsf     EECON1, WREN
                      00022 ;Required Sequence
0008   138B           00023         bcf     INTCON, GIE
0009   3055           00024         movlw   0x55
Message[302]: Register in operand not in bank 0.  Ensure that bank bits are correct.
000A   008D           00025         movwf   EECON2
000B   30AA           00026         movlw   0xAA
Message[302]: Register in operand not in bank 0.  Ensure that bank bits are correct.
000C   008D           00027         movwf   EECON2
Message[302]: Register in operand not in bank 0.  Ensure that bank bits are correct.
000D   148C           00028         bsf     EECON1, WR
000E   178B           00029         bsf     INTCON, GIE
Message[302]: Register in operand not in bank 0.  Ensure that bank bits are correct.
000F   188C           00030 WAIT1   btfsc   EECON1,WR
0010   2???           00031         goto    WAIT1
Message[302]: Register in operand not in bank 0.  Ensure that bank bits are correct.
0011   110C           00032         bcf     EECON1, WREN
0012   1283 1303      00033         banksel PIR2
0014   120D           00034         bcf     PIR2, EEIF
MPASM 5.56  /HOME/HBB/MPLABXPROJECTS/I2C.X/M   6-16-2014  21:09:38         PAGE  2


LOC  OBJECT CODE     LINE SOURCE TEXT
  VALUE

0015   1283 1703      00035         banksel EEADR
Message[305]: Using default destination of 1 (file).
Message[302]: Register in operand not in bank 0.  Ensure that bank bits are correct.
0017   0A8D           00036         incf    EEADR
0018   0008           00037         return
                      00038 
0019                  00039 TXPOLL
0019   1283 1303      00040     banksel     PIR1
001B   1E0C           00041     btfss       PIR1,TXIF
001C   2???           00042     goto        TXPOLL
001D   1283 1303      00043     banksel     TXREG
001F   0099           00044     movwf       TXREG
0020   0008           00045     return
                      00046 
0021                  00047 TXPOLL_DUMMY
0021   1283 1303      00048     banksel     PIR1
0023   1E0C           00049     btfss       PIR1,TXIF
0024   2???           00050     goto        TXPOLL
                      00051 
0025                  00052 RXPOLL
0025   1283 1303      00053     banksel     PIR1
0027   1E8C           00054     btfss       PIR1,RCIF
0028   2???           00055     goto        RXPOLL
0029   1283 1303      00056     banksel     RCREG
002B   081A           00057     movfw       RCREG
002C   0008           00058     return
                      00059 
                      00060 start_i2c         MACRO              ;[S]
                      00061      banksel     PIR1                                     ;bank0 (bank0? names) be sure
                      00062      bcf         PIR1,SSPIF
                      00063      banksel     SSPCON2                                    ;bank1
                      00064      bsf         SSPCON2,SEN     ;send i2c START [S] bit
                      00065      banksel     PIR1                                 ;bank0
                      00066      btfss       PIR1,SSPIF         ;start bit cycle complete?
                      00067      goto        $-1
                      00068        endm
                      00069 
                      00070 
                      00071 repeated_start_i2c     MACRO
                      00072      banksel        SSPCON2                                   ;bank1
                      00073      bsf            SSPCON2,RCEN     ;enable receiving at master 16f877
                      00074        endm
                      00075 
                      00076 stop_i2c         MACRO                  ;[P]
                      00077      banksel    PIR1                                           ;bank0
                      00078      bcf        PIR1,SSPIF
                      00079      banksel    SSPCON2                                     ;bank1
                      00080      bsf        SSPCON2,PEN         ;send i2c STOP [P] bit
                      00081      banksel    PIR1                                           ;bank0
                      00082      btfsS      PIR1,SSPIF             ;stop bit cycle completed?
                      00083      goto         $-1
                      00084            endm
                      00085 
MPASM 5.56  /HOME/HBB/MPLABXPROJECTS/I2C.X/M   6-16-2014  21:09:38         PAGE  3


LOC  OBJECT CODE     LINE SOURCE TEXT
  VALUE

                      00086 wait_for_ack_i2c         MACRO
                      00087      banksel        PIR1                     ;bank0
                      00088      bcf            PIR1,SSPIF
                      00089      btfsS          PIR1,SSPIF                 ;ACK received?
                      00090      goto         $-1
                      00091        endm
                      00092 
                      00093 read_data_i2c MACRO
                      00094     banksel     SSPBUF
                      00095     movfw       SSPBUF
                      00096         endm
                      00097 
                      00098 read_data_i2cA MACRO
                      00099         ;banksel     SSPCON2
                      00100         ;bsf         SSPCON2,RCEN
                      00101         banksel     PIR1
                      00102     LOCAL RWaitA
                      00103         btfss       PIR1,SSPIF
                      00104         goto        RWaitA
                      00105         bcf         PIR1,SSPIF
                      00106         banksel     SSPBUF
                      00107         movfw       SSPBUF
                      00108         endm
                      00109 
                      00110 send_read_ack_i2c MACRO
                      00111     banksel     SSPCON2
                      00112     bcf         SSPCON2,ACKDT
                      00113     bsf         SSPCON2,ACKEN
                      00114     btfsc       SSPCON2,ACKEN
                      00115     goto        $-1
                      00116     bsf         SSPCON2,RCEN
                      00117         endm
                      00118 
                      00119 send_read_nack_i2c MACRO
                      00120     banksel     SSPCON2
                      00121     bsf         SSPCON2,ACKDT
                      00122     bsf         SSPCON2,ACKEN
                      00123     btfsc       SSPCON2,ACKEN
                      00124     goto        $-1
                      00125     ;bsf         SSPCON2,RCEN
                      00126         endm
                      00127 
                      00128 swap_bibbles MACRO
                      00129     banksel     byte2
                      00130 
                      00131     swapf       byte3,1
                      00132     movfw       byte2
                      00133     movwf       byteW
                      00134     swapf       byteW,1
                      00135     movfw       byteW
                      00136     andlw       0xF0
                      00137     iorwf       byte3,1
                      00138     swapf       byte2,1
MPASM 5.56  /HOME/HBB/MPLABXPROJECTS/I2C.X/M   6-16-2014  21:09:38         PAGE  4


LOC  OBJECT CODE     LINE SOURCE TEXT
  VALUE

                      00139     movlw       0x0F
                      00140     andwf       byte2,1
                      00141         endm
                      00142 
002D                  00143 send_address_and_register
                      00144     start_i2c
002D   1283 1303          M      banksel     PIR1                                     ;bank0 (bank0? names) be sure
002F   118C               M      bcf         PIR1,SSPIF
0030   1683 1303          M      banksel     SSPCON2                                    ;bank1
Message[302]: Register in operand not in bank 0.  Ensure that bank bits are correct.
0032   1411               M      bsf         SSPCON2,SEN     ;send i2c START [S] bit
0033   1283 1303          M      banksel     PIR1                                 ;bank0
0035   1D8C               M      btfss       PIR1,SSPIF         ;start bit cycle complete?
0036   2???               M      goto        $-1
0037   1283 1303      00145     banksel     SSPBUF
0039   3090           00146     movlw       b'10010000'
003A   0093           00147     movwf       SSPBUF
                      00148     wait_for_ack_i2c
003B   1283 1303          M      banksel        PIR1                     ;bank0
003D   118C               M      bcf            PIR1,SSPIF
003E   1D8C               M      btfsS          PIR1,SSPIF                 ;ACK received?
003F   2???               M      goto         $-1
0040   1283 1303      00149     banksel     SSPBUF
0042   3001           00150     movlw       b'00000001'   ; last two bits indicate register to read 0 0 -> t reg 0 1 -> conf reg
0043   0093           00151     movwf       SSPBUF
                      00152     wait_for_ack_i2c
0044   1283 1303          M      banksel        PIR1                     ;bank0
0046   118C               M      bcf            PIR1,SSPIF
0047   1D8C               M      btfsS          PIR1,SSPIF                 ;ACK received?
0048   2???               M      goto         $-1
                      00153     stop_i2c
0049   1283 1303          M      banksel    PIR1                                           ;bank0
004B   118C               M      bcf        PIR1,SSPIF
004C   1683 1303          M      banksel    SSPCON2                                     ;bank1
Message[302]: Register in operand not in bank 0.  Ensure that bank bits are correct.
004E   1511               M      bsf        SSPCON2,PEN         ;send i2c STOP [P] bit
004F   1283 1303          M      banksel    PIR1                                           ;bank0
0051   1D8C               M      btfsS      PIR1,SSPIF             ;stop bit cycle completed?
0052   2???               M      goto         $-1
                      00154 
                      00155     start_i2c
0053   1283 1303          M      banksel     PIR1                                     ;bank0 (bank0? names) be sure
0055   118C               M      bcf         PIR1,SSPIF
0056   1683 1303          M      banksel     SSPCON2                                    ;bank1
Message[302]: Register in operand not in bank 0.  Ensure that bank bits are correct.
0058   1411               M      bsf         SSPCON2,SEN     ;send i2c START [S] bit
0059   1283 1303          M      banksel     PIR1                                 ;bank0
005B   1D8C               M      btfss       PIR1,SSPIF         ;start bit cycle complete?
005C   2???               M      goto        $-1
005D   1283 1303      00156     banksel     SSPBUF
005F   3091           00157     movlw       b'10010001'
0060   0093           00158     movwf       SSPBUF
                      00159     wait_for_ack_i2c
MPASM 5.56  /HOME/HBB/MPLABXPROJECTS/I2C.X/M   6-16-2014  21:09:38         PAGE  5


LOC  OBJECT CODE     LINE SOURCE TEXT
  VALUE

0061   1283 1303          M      banksel        PIR1                     ;bank0
0063   118C               M      bcf            PIR1,SSPIF
0064   1D8C               M      btfsS          PIR1,SSPIF                 ;ACK received?
0065   2???               M      goto         $-1
                      00160     repeated_start_i2c
0066   1683 1303          M      banksel        SSPCON2                                   ;bank1
Message[302]: Register in operand not in bank 0.  Ensure that bank bits are correct.
0068   1591               M      bsf            SSPCON2,RCEN     ;enable receiving at master 16f877
                      00161 
                      00162     read_data_i2cA
                          M         ;banksel     SSPCON2
                          M         ;bsf         SSPCON2,RCEN
0069   1283 1303          M         banksel     PIR1
  0000                    M     LOCAL RWaitA
006B   1D8C               M         btfss       PIR1,SSPIF
006C   2800               M         goto        RWaitA
006D   118C               M         bcf         PIR1,SSPIF
006E   1283 1303          M         banksel     SSPBUF
0070   0813               M         movfw       SSPBUF
                      00163     send_read_ack_i2c
0071   1683 1303          M     banksel     SSPCON2
Message[302]: Register in operand not in bank 0.  Ensure that bank bits are correct.
0073   1291               M     bcf         SSPCON2,ACKDT
Message[302]: Register in operand not in bank 0.  Ensure that bank bits are correct.
0074   1611               M     bsf         SSPCON2,ACKEN
Message[302]: Register in operand not in bank 0.  Ensure that bank bits are correct.
0075   1A11               M     btfsc       SSPCON2,ACKEN
0076   2???               M     goto        $-1
Message[302]: Register in operand not in bank 0.  Ensure that bank bits are correct.
0077   1591               M     bsf         SSPCON2,RCEN
                      00164 
0078   2???           00165     call        TXPOLL
0079   1283 1303      00166     banksel     byte1
007B   00A0           00167     movwf       byte1
                      00168 
                      00169     read_data_i2cA
                          M         ;banksel     SSPCON2
                          M         ;bsf         SSPCON2,RCEN
007C   1283 1303          M         banksel     PIR1
  0000                    M     LOCAL RWaitA
007E   1D8C               M         btfss       PIR1,SSPIF
007F   2800               M         goto        RWaitA
0080   118C               M         bcf         PIR1,SSPIF
0081   1283 1303          M         banksel     SSPBUF
0083   0813               M         movfw       SSPBUF
                      00170     send_read_ack_i2c
0084   1683 1303          M     banksel     SSPCON2
Message[302]: Register in operand not in bank 0.  Ensure that bank bits are correct.
0086   1291               M     bcf         SSPCON2,ACKDT
Message[302]: Register in operand not in bank 0.  Ensure that bank bits are correct.
0087   1611               M     bsf         SSPCON2,ACKEN
Message[302]: Register in operand not in bank 0.  Ensure that bank bits are correct.
0088   1A11               M     btfsc       SSPCON2,ACKEN
MPASM 5.56  /HOME/HBB/MPLABXPROJECTS/I2C.X/M   6-16-2014  21:09:38         PAGE  6


LOC  OBJECT CODE     LINE SOURCE TEXT
  VALUE

0089   2???               M     goto        $-1
Message[302]: Register in operand not in bank 0.  Ensure that bank bits are correct.
008A   1591               M     bsf         SSPCON2,RCEN
                      00171 
008B   2???           00172     call        TXPOLL
008C   1283 1303      00173     banksel     byte2
008E   00A1           00174     movwf       byte2
                      00175 
008F   1283 1303      00176     banksel     SSPBUF
0091   0813           00177     movfw       SSPBUF
                      00178 
0092   2???           00179     call        TXPOLL
0093   1283 1303      00180     banksel     byte3
0095   00A2           00181     movwf       byte3
                      00182 
                      00183     stop_i2c
0096   1283 1303          M      banksel    PIR1                                           ;bank0
0098   118C               M      bcf        PIR1,SSPIF
0099   1683 1303          M      banksel    SSPCON2                                     ;bank1
Message[302]: Register in operand not in bank 0.  Ensure that bank bits are correct.
009B   1511               M      bsf        SSPCON2,PEN         ;send i2c STOP [P] bit
009C   1283 1303          M      banksel    PIR1                                           ;bank0
009E   1D8C               M      btfsS      PIR1,SSPIF             ;stop bit cycle completed?
009F   2???               M      goto         $-1
                      00184 
                      00185     swap_bibbles
00A0   1283 1303          M     banksel     byte2
                          M 
00A2   0EA2               M     swapf       byte3,1
00A3   0821               M     movfw       byte2
00A4   00A3               M     movwf       byteW
00A5   0EA3               M     swapf       byteW,1
00A6   0823               M     movfw       byteW
00A7   39F0               M     andlw       0xF0
00A8   04A2               M     iorwf       byte3,1
00A9   0EA1               M     swapf       byte2,1
00AA   300F               M     movlw       0x0F
00AB   05A1               M     andwf       byte2,1
                      00186 
00AC   1283 1303      00187     banksel     byte1
00AE   0821           00188     movfw       byte2
00AF   2???           00189     call        TXPOLL
00B0   0822           00190     movfw       byte3
00B1   2???           00191     call        TXPOLL
00B2   0008           00192         return
                      00193 
                      00194 
                      00195 
                      00196 MAIN_PROG CODE                      ; let linker place main program
0000                  00197 START
                      00198 
0000   1683 1303      00199      banksel OPTION_REG
0002   30D7           00200      movlw   B'11010111'
MPASM 5.56  /HOME/HBB/MPLABXPROJECTS/I2C.X/M   6-16-2014  21:09:38         PAGE  7


LOC  OBJECT CODE     LINE SOURCE TEXT
  VALUE

Message[302]: Register in operand not in bank 0.  Ensure that bank bits are correct.
0003   0081           00201      movwf   OPTION_REG
0004   1283 1303      00202      banksel PORTB
0006   0186           00203      clrf    PORTB
0007   1683 1303      00204      banksel TRISB
0009   3000           00205      movlw   B'00000000'
Message[302]: Register in operand not in bank 0.  Ensure that bank bits are correct.
000A   0086           00206      movwf   TRISB
000B   1283 1303      00207      banksel PORTA
000D   0185           00208      clrf    PORTA
000E   1683 1303      00209      banksel TRISA
0010   3000           00210      movlw   B'00000000'
0011   0085           00211      movwf   PORTA
                      00212 
                      00213      ;i2c setup
0012   3028           00214     movlw       b'00101000'
0013   1283 1303      00215     banksel     SSPCON
0015   0094           00216     movwf       SSPCON
                      00217 
0016   3009           00218     movlw       D'9'
0017   1683 1303      00219     banksel     SSPADD
Message[302]: Register in operand not in bank 0.  Ensure that bank bits are correct.
0019   0093           00220     movwf       SSPADD
                      00221 
001A   3080           00222     movlw       b'10000000'
001B   1683 1303      00223     banksel     SSPSTAT
Message[302]: Register in operand not in bank 0.  Ensure that bank bits are correct.
001D   0094           00224     movwf       SSPSTAT
                      00225 
001E   30D8           00226     movlw       b'11011000'   ;usart and i2c set
001F   1683 1303      00227     banksel     TRISC
Message[302]: Register in operand not in bank 0.  Ensure that bank bits are correct.
0021   0087           00228     movwf       TRISC
                      00229 
                      00230     ;serial setup
0022   1683 1303      00231     banksel     SPBRG
0024   3019           00232     movlw       D'25'
Message[302]: Register in operand not in bank 0.  Ensure that bank bits are correct.
0025   0099           00233     movwf       SPBRG
                      00234 
0026   1683 1303      00235     banksel     TXSTA
0028   3024           00236     movlw       b'00100100'
Message[302]: Register in operand not in bank 0.  Ensure that bank bits are correct.
0029   0098           00237     movwf       TXSTA
                      00238 
002A   1283 1303      00239     banksel     RCSTA
002C   3090           00240     movlw       b'10010000'
002D   0098           00241     movwf       RCSTA
                      00242 
                      00243     ;begin
                      00244 
002E   30AA           00245     movlw   h'AA'
002F   2???           00246     call    TXPOLL
MPASM 5.56  /HOME/HBB/MPLABXPROJECTS/I2C.X/M   6-16-2014  21:09:38         PAGE  8


LOC  OBJECT CODE     LINE SOURCE TEXT
  VALUE

0030   30BB           00247     movlw   h'BB'
0031   2???           00248     call    TXPOLL
0032   30CC           00249     movlw   h'CC'
0033   2???           00250     call    TXPOLL
0034   30DD           00251     movlw   h'DD'
0035   2???           00252     call    TXPOLL
0036   30EE           00253     movlw   h'EE'
0037   2???           00254     call    TXPOLL
0038   30FF           00255     movlw   h'FF'
0039   2???           00256     call    TXPOLL
                      00257 
003A   30AA           00258     movlw   h'AA'
003B   2???           00259     call    TXPOLL
003C   30BB           00260     movlw   h'BB'
003D   2???           00261     call    TXPOLL
003E   30CC           00262     movlw   h'CC'
003F   2???           00263     call    TXPOLL
0040   30DD           00264     movlw   h'DD'
0041   2???           00265     call    TXPOLL
0042   30EE           00266     movlw   h'EE'
0043   2???           00267     call    TXPOLL
0044   30FF           00268     movlw   h'FF'
0045   2???           00269     call    TXPOLL
                      00270 
0046   1283 1303      00271     banksel     PORTA
0048   3001           00272     movlw       b'00000001'
0049   0085           00273     movwf       PORTA
004A   1283 1303      00274     banksel     PORTB
004C   3007           00275     movlw       b'00000111'
004D   0086           00276     movwf       PORTB
                      00277 
004E   1283 1303      00278     banksel     byte1
0050   30FF           00279     movlw       b'11111111'
0051   00A0           00280     movwf       byte1
0052   00A1           00281     movwf       byte2
0053   00A2           00282     movwf       byte3
                      00283 
0054   0820           00284     movfw       byte1
0055   2???           00285     call        TXPOLL
0056   0821           00286     movfw       byte2
0057   2???           00287     call        TXPOLL
0058   0822           00288     movfw       byte3
0059   2???           00289     call        TXPOLL
                      00290 
                      00291 
                      00292 
005A   2???           00293     call send_address_and_register
                      00294 
                      00295 
005B                  00296 led_loop
005B   0185           00297     clrf        PORTA
005C   0186           00298     clrf        PORTB
005D   1283 1303      00299     banksel     PORTA
MPASM 5.56  /HOME/HBB/MPLABXPROJECTS/I2C.X/M   6-16-2014  21:09:38         PAGE  9


LOC  OBJECT CODE     LINE SOURCE TEXT
  VALUE

005F   3001           00300     movlw       b'00000001'
0060   0085           00301     movwf       PORTA
0061   1283 1303      00302     banksel     PORTB
0063   3006           00303     movlw       b'00000110'
0064   0086           00304     movwf       PORTB
                      00305 
0065   0185           00306     clrf        PORTA
0066   0186           00307     clrf        PORTB
0067   1283 1303      00308     banksel     PORTA
0069   3002           00309     movlw       b'00000010'
006A   0085           00310     movwf       PORTA
006B   1283 1303      00311     banksel     PORTB
006D   305B           00312     movlw       b'01011011'
006E   0086           00313     movwf       PORTB
                      00314 
006F   0185           00315     clrf        PORTA
0070   0186           00316     clrf        PORTB
0071   1283 1303      00317     banksel     PORTA
0073   3004           00318     movlw       b'00000100'
0074   0085           00319     movwf       PORTA
0075   1283 1303      00320     banksel     PORTB
0077   304F           00321     movlw       b'01001111'
0078   0086           00322     movwf       PORTB
                      00323 
0079   0185           00324     clrf        PORTA
007A   0186           00325     clrf        PORTB
007B   1283 1303      00326     banksel     PORTA
007D   3008           00327     movlw       b'00001000'
007E   0085           00328     movwf       PORTA
007F   1283 1303      00329     banksel     PORTB
0081   3066           00330     movlw       b'01100110'
0082   0086           00331     movwf       PORTB
                      00332 
0083   2???           00333     call send_address_and_register
0084   2???           00334     goto        led_loop
                      00335 
3F79                  00336     END
MPASM 5.56  /HOME/HBB/MPLABXPROJECTS/I2C.X/M   6-16-2014  21:09:38         PAGE 10


SYMBOL TABLE
  LABEL                             VALUE 

ACKDT                             00000005
ACKEN                             00000004
ACKSTAT                           00000006
ADCON0                            0000001F
ADCON1                            0000009F
ADCS0                             00000006
ADCS1                             00000007
ADCS2                             00000006
ADDEN                             00000003
ADFM                              00000007
ADIE                              00000006
ADIF                              00000006
ADON                              00000000
ADRESH                            0000001E
ADRESL                            0000009E
BCLIE                             00000003
BCLIF                             00000003
BF                                00000000
BRGH                              00000002
C                                 00000000
C1INV                             00000004
C1OUT                             00000006
C2INV                             00000005
C2OUT                             00000007
CCP1CON                           00000017
CCP1IE                            00000002
CCP1IF                            00000002
CCP1M0                            00000000
CCP1M1                            00000001
CCP1M2                            00000002
CCP1M3                            00000003
CCP1X                             00000005
CCP1Y                             00000004
CCP2CON                           0000001D
CCP2IE                            00000000
CCP2IF                            00000000
CCP2M0                            00000000
CCP2M1                            00000001
CCP2M2                            00000002
CCP2M3                            00000003
CCP2X                             00000005
CCP2Y                             00000004
CCPR1                             00000015
CCPR1H                            00000016
CCPR1L                            00000015
CCPR2                             0000001B
CCPR2H                            0000001C
CCPR2L                            0000001B
CHS0                              00000003
CHS1                              00000004
CHS2                              00000005
CIS                               00000003
CKE                               00000006
MPASM 5.56  /HOME/HBB/MPLABXPROJECTS/I2C.X/M   6-16-2014  21:09:38         PAGE 11


SYMBOL TABLE
  LABEL                             VALUE 

CKP                               00000004
CM0                               00000000
CM1                               00000001
CM2                               00000002
CMCON                             0000009C
CMIE                              00000006
CMIF                              00000006
CREN                              00000004
CSRC                              00000007
CVR0                              00000000
CVR1                              00000001
CVR2                              00000002
CVR3                              00000003
CVRCON                            0000009D
CVREN                             00000007
CVROE                             00000006
CVRR                              00000005
D                                 00000005
DATA_ADDRESS                      00000005
DC                                00000001
D_A                               00000005
D_NOT_A                           00000005
EEADR                             0000010D
EEADRH                            0000010F
EECON1                            0000018C
EECON2                            0000018D
EEDATA                            0000010C
EEDATH                            0000010E
EEIE                              00000004
EEIF                              00000004
EEPGD                             00000007
EEWRITE                           00000001
F                                 00000001
FERR                              00000002
FSR                               00000004
GCEN                              00000007
GIE                               00000007
GO                                00000002
GO_DONE                           00000002
GO_NOT_DONE                       00000002
I2C_DATA                          00000005
I2C_READ                          00000002
I2C_START                         00000003
I2C_STOP                          00000004
IBF                               00000007
IBOV                              00000005
INDF                              00000000
INTCON                            0000000B
INTE                              00000004
INTEDG                            00000006
INTF                              00000001
IRP                               00000007
NOT_A                             00000005
MPASM 5.56  /HOME/HBB/MPLABXPROJECTS/I2C.X/M   6-16-2014  21:09:38         PAGE 12


SYMBOL TABLE
  LABEL                             VALUE 

NOT_ADDRESS                       00000005
NOT_BO                            00000000
NOT_BOR                           00000000
NOT_DONE                          00000002
NOT_PD                            00000003
NOT_POR                           00000001
NOT_RBPU                          00000007
NOT_RC8                           00000006
NOT_T1SYNC                        00000002
NOT_TO                            00000004
NOT_TX8                           00000006
NOT_W                             00000002
NOT_WRITE                         00000002
OBF                               00000006
OERR                              00000001
OPTION_REG                        00000081
P                                 00000004
PCFG0                             00000000
PCFG1                             00000001
PCFG2                             00000002
PCFG3                             00000003
PCL                               00000002
PCLATH                            0000000A
PCON                              0000008E
PEIE                              00000006
PEN                               00000002
PIE1                              0000008C
PIE2                              0000008D
PIR1                              0000000C
PIR2                              0000000D
PORTA                             00000005
PORTB                             00000006
PORTC                             00000007
PORTD                             00000008
PORTE                             00000009
PR2                               00000092
PS0                               00000000
PS1                               00000001
PS2                               00000002
PSA                               00000003
PSPIE                             00000007
PSPIF                             00000007
PSPMODE                           00000004
R                                 00000002
RA0                               00000000
RA1                               00000001
RA2                               00000002
RA3                               00000003
RA4                               00000004
RA5                               00000005
RB0                               00000000
RB1                               00000001
RB2                               00000002
MPASM 5.56  /HOME/HBB/MPLABXPROJECTS/I2C.X/M   6-16-2014  21:09:38         PAGE 13


SYMBOL TABLE
  LABEL                             VALUE 

RB3                               00000003
RB4                               00000004
RB5                               00000005
RB6                               00000006
RB7                               00000007
RBIE                              00000003
RBIF                              00000000
RC0                               00000000
RC1                               00000001
RC2                               00000002
RC3                               00000003
RC4                               00000004
RC5                               00000005
RC6                               00000006
RC7                               00000007
RC8_9                             00000006
RC9                               00000006
RCD8                              00000000
RCEN                              00000003
RCIE                              00000005
RCIF                              00000005
RCREG                             0000001A
RCSTA                             00000018
RD                                00000000
RD0                               00000000
RD1                               00000001
RD2                               00000002
RD3                               00000003
RD4                               00000004
RD5                               00000005
RD6                               00000006
RD7                               00000007
RE0                               00000000
RE1                               00000001
RE2                               00000002
READ_WRITE                        00000002
RP0                               00000005
RP1                               00000006
RSEN                              00000001
RX9                               00000006
RX9D                              00000000
RXPOLL                            00000025
R_NOT_W                           00000002
R_W                               00000002
S                                 00000003
SEN                               00000000
SMP                               00000007
SPBRG                             00000099
SPEN                              00000007
SREN                              00000005
SSPADD                            00000093
SSPBUF                            00000013
SSPCON                            00000014
MPASM 5.56  /HOME/HBB/MPLABXPROJECTS/I2C.X/M   6-16-2014  21:09:38         PAGE 14


SYMBOL TABLE
  LABEL                             VALUE 

SSPCON2                           00000091
SSPEN                             00000005
SSPIE                             00000003
SSPIF                             00000003
SSPM0                             00000000
SSPM1                             00000001
SSPM2                             00000002
SSPM3                             00000003
SSPOV                             00000006
SSPSTAT                           00000094
START                             00000000
STATUS                            00000003
SYNC                              00000004
T0CS                              00000005
T0IE                              00000005
T0IF                              00000002
T0SE                              00000004
T1CKPS0                           00000004
T1CKPS1                           00000005
T1CON                             00000010
T1INSYNC                          00000002
T1OSCEN                           00000003
T1SYNC                            00000002
T2CKPS0                           00000000
T2CKPS1                           00000001
T2CON                             00000012
TMR0                              00000001
TMR0IE                            00000005
TMR0IF                            00000002
TMR1                              0000000E
TMR1CS                            00000001
TMR1H                             0000000F
TMR1IE                            00000000
TMR1IF                            00000000
TMR1L                             0000000E
TMR1ON                            00000000
TMR2                              00000011
TMR2IE                            00000001
TMR2IF                            00000001
TMR2ON                            00000002
TOUTPS0                           00000003
TOUTPS1                           00000004
TOUTPS2                           00000005
TOUTPS3                           00000006
TRISA                             00000085
TRISA0                            00000000
TRISA1                            00000001
TRISA2                            00000002
TRISA3                            00000003
TRISA4                            00000004
TRISA5                            00000005
TRISB                             00000086
TRISB0                            00000000
MPASM 5.56  /HOME/HBB/MPLABXPROJECTS/I2C.X/M   6-16-2014  21:09:38         PAGE 15


SYMBOL TABLE
  LABEL                             VALUE 

TRISB1                            00000001
TRISB2                            00000002
TRISB3                            00000003
TRISB4                            00000004
TRISB5                            00000005
TRISB6                            00000006
TRISB7                            00000007
TRISC                             00000087
TRISC0                            00000000
TRISC1                            00000001
TRISC2                            00000002
TRISC3                            00000003
TRISC4                            00000004
TRISC5                            00000005
TRISC6                            00000006
TRISC7                            00000007
TRISD                             00000088
TRISD0                            00000000
TRISD1                            00000001
TRISD2                            00000002
TRISD3                            00000003
TRISD4                            00000004
TRISD5                            00000005
TRISD6                            00000006
TRISD7                            00000007
TRISE                             00000089
TRISE0                            00000000
TRISE1                            00000001
TRISE2                            00000002
TRMT                              00000001
TX8_9                             00000006
TX9                               00000006
TX9D                              00000000
TXD8                              00000000
TXEN                              00000005
TXIE                              00000004
TXIF                              00000004
TXPOLL                            00000019
TXPOLL_DUMMY                      00000021
TXREG                             00000019
TXSTA                             00000098
UA                                00000001
W                                 00000000
WAIT1                             0000000F
WCOL                              00000007
WR                                00000001
WREN                              00000002
WRERR                             00000003
Z                                 00000002
_.org_0_0036                      00000036
_.org_0_003F                      0000003F
_.org_0_0048                      00000048
_.org_0_0052                      00000052
MPASM 5.56  /HOME/HBB/MPLABXPROJECTS/I2C.X/M   6-16-2014  21:09:38         PAGE 16


SYMBOL TABLE
  LABEL                             VALUE 

_.org_0_005C                      0000005C
_.org_0_0065                      00000065
_.org_0_0076                      00000076
_.org_0_0089                      00000089
_.org_0_009F                      0000009F
_BODEN_OFF                        00003FBF
_BODEN_ON                         00003FFF
_BOREN_OFF                        00003FBF
_BOREN_ON                         00003FFF
_CONFIG                           00002007
_CPD_OFF                          00003FFF
_CPD_ON                           00003EFF
_CP_ALL                           00001FFF
_CP_OFF                           00003FFF
_CP_ON                            00001FFF
_DEBUG_OFF                        00003FFF
_DEBUG_ON                         000037FF
_DEVID1                           00002006
_FOSC_EXTRC                       00003FFF
_FOSC_HS                          00003FFE
_FOSC_LP                          00003FFC
_FOSC_XT                          00003FFD
_HS_OSC                           00003FFE
_IDLOC0                           00002000
_IDLOC1                           00002001
_IDLOC2                           00002002
_IDLOC3                           00002003
_LP_OSC                           00003FFC
_LVP_OFF                          00003F7F
_LVP_ON                           00003FFF
_PWRTE_OFF                        00003FFF
_PWRTE_ON                         00003FF7
_RC_OSC                           00003FFF
_WDTE_OFF                         00003FFB
_WDTE_ON                          00003FFF
_WDT_OFF                          00003FFB
_WDT_ON                           00003FFF
_WRT_1FOURTH                      00003BFF
_WRT_256                          00003DFF
_WRT_HALF                         000039FF
_WRT_OFF                          00003FFF
_XT_OSC                           00003FFD
__16F877A                         00000001
byte1                             00000020
byte2                             00000021
byte3                             00000022
byteW                             00000023
led_loop                          0000005B
read_data_i2c                     
read_data_i2cA                    
repeated_start_i2c                
send_address_and_register         0000002D
send_read_ack_i2c                 
MPASM 5.56  /HOME/HBB/MPLABXPROJECTS/I2C.X/M   6-16-2014  21:09:38         PAGE 17


SYMBOL TABLE
  LABEL                             VALUE 

send_read_nack_i2c                
start_i2c                         
stop_i2c                          
swap_bibbles                      
wait_for_ack_i2c                  

Errors   :     0
Warnings :     2 reported,     0 suppressed
Messages :    30 reported,     0 suppressed

